# JRE version: OpenJDK Runtime Environment (8.0_112-b06) (build 1.8.0_112-release-b06)
# Java VM: OpenJDK 64-Bit Server VM (25.112-b06 mixed mode windows-amd64 compressed oops)
Heap:
 PSYoungGen      total 389120K, used 128K [0x00000000e0000000, 0x00000000fe880000, 0x0000000100000000)
  eden space 388608K, 0% used [0x00000000e0000000,0x00000000e0000000,0x00000000f7b80000)
  from space 512K, 25% used [0x00000000f7b80000,0x00000000f7ba0000,0x00000000f7c00000)
  to   space 55808K, 0% used [0x00000000fb200000,0x00000000fb200000,0x00000000fe880000)
 ParOldGen       total 211456K, used 10921K [0x00000000a0000000, 0x00000000ace80000, 0x00000000e0000000)
  object space 211456K, 5% used [0x00000000a0000000,0x00000000a0aaa7d0,0x00000000ace80000)
 Metaspace       used 55284K, capacity 56386K, committed 58240K, reserved 1101824K
  class space    used 6151K, capacity 6367K, committed 6784K, reserved 1048576K
GC Heap History (10 events):
Event: 7720.483 GC heap after
Heap after GC invocations=23 (full 5):
 PSYoungGen      total 380928K, used 0K [0x00000000e0000000, 0x00000000fa600000, 0x0000000100000000)
  eden space 331264K, 0% used [0x00000000e0000000,0x00000000e0000000,0x00000000f4380000)
  from space 49664K, 0% used [0x00000000f7480000,0x00000000f7480000,0x00000000fa500000)
  to   space 50176K, 0% used [0x00000000f4380000,0x00000000f4380000,0x00000000f7480000)
 ParOldGen       total 211456K, used 12131K [0x00000000a0000000, 0x00000000ace80000, 0x00000000e0000000)
  object space 211456K, 5% used [0x00000000a0000000,0x00000000a0bd8dc0,0x00000000ace80000)
 Metaspace       used 55696K, capacity 57102K, committed 58240K, reserved 1101824K
  class space    used 6269K, capacity 6567K, committed 6784K, reserved 1048576K
}
Event: 8699.541 GC heap before
{Heap before GC invocations=24 (full 5):
 PSYoungGen      total 380928K, used 331264K [0x00000000e0000000, 0x00000000fa600000, 0x0000000100000000)
  eden space 331264K, 100% used [0x00000000e0000000,0x00000000f4380000,0x00000000f4380000)
  from space 49664K, 0% used [0x00000000f7480000,0x00000000f7480000,0x00000000fa500000)
  to   space 50176K, 0% used [0x00000000f4380000,0x00000000f4380000,0x00000000f7480000)
 ParOldGen       total 211456K, used 12131K [0x00000000a0000000, 0x00000000ace80000, 0x00000000e0000000)
  object space 211456K, 5% used [0x00000000a0000000,0x00000000a0bd8dc0,0x00000000ace80000)
 Metaspace       used 56221K, capacity 57630K, committed 58240K, reserved 1101824K
  class space    used 6311K, capacity 6609K, committed 6784K, reserved 1048576K
Event: 8699.581 GC heap after
Heap after GC invocations=24 (full 5):
 PSYoungGen      total 381440K, used 44825K [0x00000000e0000000, 0x00000000fea80000, 0x0000000100000000)
  eden space 331264K, 0% used [0x00000000e0000000,0x00000000e0000000,0x00000000f4380000)
  from space 50176K, 89% used [0x00000000f4380000,0x00000000f6f466b8,0x00000000f7480000)
  to   space 56832K, 0% used [0x00000000fb300000,0x00000000fb300000,0x00000000fea80000)
 ParOldGen       total 211456K, used 12139K [0x00000000a0000000, 0x00000000ace80000, 0x00000000e0000000)
  object space 211456K, 5% used [0x00000000a0000000,0x00000000a0bdadc0,0x00000000ace80000)
 Metaspace       used 56221K, capacity 57630K, committed 58240K, reserved 1101824K
  class space    used 6311K, capacity 6609K, committed 6784K, reserved 1048576K
}
Event: 11320.484 GC heap before
{Heap before GC invocations=25 (full 5):
 PSYoungGen      total 381440K, used 228796K [0x00000000e0000000, 0x00000000fea80000, 0x0000000100000000)
  eden space 331264K, 55% used [0x00000000e0000000,0x00000000eb3a8b68,0x00000000f4380000)
  from space 50176K, 89% used [0x00000000f4380000,0x00000000f6f466b8,0x00000000f7480000)
  to   space 56832K, 0% used [0x00000000fb300000,0x00000000fb300000,0x00000000fea80000)
 ParOldGen       total 211456K, used 12139K [0x00000000a0000000, 0x00000000ace80000, 0x00000000e0000000)
  object space 211456K, 5% used [0x00000000a0000000,0x00000000a0bdadc0,0x00000000ace80000)
 Metaspace       used 56537K, capacity 58042K, committed 58240K, reserved 1101824K
  class space    used 6327K, capacity 6651K, committed 6784K, reserved 1048576K
Event: 11320.507 GC heap after
Heap after GC invocations=25 (full 5):
 PSYoungGen      total 444416K, used 3976K [0x00000000e0000000, 0x00000000fe980000, 0x0000000100000000)
  eden space 388608K, 0% used [0x00000000e0000000,0x00000000e0000000,0x00000000f7b80000)
  from space 55808K, 7% used [0x00000000fb300000,0x00000000fb6e23b0,0x00000000fe980000)
  to   space 56320K, 0% used [0x00000000f7b80000,0x00000000f7b80000,0x00000000fb280000)
 ParOldGen       total 211456K, used 12147K [0x00000000a0000000, 0x00000000ace80000, 0x00000000e0000000)
  object space 211456K, 5% used [0x00000000a0000000,0x00000000a0bdcdc0,0x00000000ace80000)
 Metaspace       used 56537K, capacity 58042K, committed 58240K, reserved 1101824K
  class space    used 6327K, capacity 6651K, committed 6784K, reserved 1048576K
}
Event: 11320.507 GC heap before
{Heap before GC invocations=26 (full 6):
 PSYoungGen      total 444416K, used 3976K [0x00000000e0000000, 0x00000000fe980000, 0x0000000100000000)
  eden space 388608K, 0% used [0x00000000e0000000,0x00000000e0000000,0x00000000f7b80000)
  from space 55808K, 7% used [0x00000000fb300000,0x00000000fb6e23b0,0x00000000fe980000)
  to   space 56320K, 0% used [0x00000000f7b80000,0x00000000f7b80000,0x00000000fb280000)
 ParOldGen       total 211456K, used 12147K [0x00000000a0000000, 0x00000000ace80000, 0x00000000e0000000)
  object space 211456K, 5% used [0x00000000a0000000,0x00000000a0bdcdc0,0x00000000ace80000)
 Metaspace       used 56537K, capacity 58042K, committed 58240K, reserved 1101824K
  class space    used 6327K, capacity 6651K, committed 6784K, reserved 1048576K
Event: 11320.656 GC heap after
Heap after GC invocations=26 (full 6):
 PSYoungGen      total 444416K, used 0K [0x00000000e0000000, 0x00000000fe980000, 0x0000000100000000)
  eden space 388608K, 0% used [0x00000000e0000000,0x00000000e0000000,0x00000000f7b80000)
  from space 55808K, 0% used [0x00000000fb300000,0x00000000fb300000,0x00000000fe980000)
  to   space 56320K, 0% used [0x00000000f7b80000,0x00000000f7b80000,0x00000000fb280000)
 ParOldGen       total 211456K, used 10921K [0x00000000a0000000, 0x00000000ace80000, 0x00000000e0000000)
  object space 211456K, 5% used [0x00000000a0000000,0x00000000a0aaa7d0,0x00000000ace80000)
 Metaspace       used 55270K, capacity 56368K, committed 58240K, reserved 1101824K
  class space    used 6149K, capacity 6364K, committed 6784K, reserved 1048576K
}
Event: 17554.662 GC heap before
{Heap before GC invocations=27 (full 6):
 PSYoungGen      total 444416K, used 3191K [0x00000000e0000000, 0x00000000fe980000, 0x0000000100000000)
  eden space 388608K, 0% used [0x00000000e0000000,0x00000000e031de68,0x00000000f7b80000)
  from space 55808K, 0% used [0x00000000fb300000,0x00000000fb300000,0x00000000fe980000)
  to   space 56320K, 0% used [0x00000000f7b80000,0x00000000f7b80000,0x00000000fb280000)
 ParOldGen       total 211456K, used 10921K [0x00000000a0000000, 0x00000000ace80000, 0x00000000e0000000)
  object space 211456K, 5% used [0x00000000a0000000,0x00000000a0aaa7d0,0x00000000ace80000)
 Metaspace       used 55284K, capacity 56386K, committed 58240K, reserved 1101824K
  class space    used 6151K, capacity 6367K, committed 6784K, reserved 1048576K
Event: 17554.671 GC heap after
Heap after GC invocations=27 (full 6):
 PSYoungGen      total 389120K, used 128K [0x00000000e0000000, 0x00000000fe880000, 0x0000000100000000)
  eden space 388608K, 0% used [0x00000000e0000000,0x00000000e0000000,0x00000000f7b80000)
  from space 512K, 25% used [0x00000000f7b80000,0x00000000f7ba0000,0x00000000f7c00000)
  to   space 55808K, 0% used [0x00000000fb200000,0x00000000fb200000,0x00000000fe880000)
 ParOldGen       total 211456K, used 10921K [0x00000000a0000000, 0x00000000ace80000, 0x00000000e0000000)
  object space 211456K, 5% used [0x00000000a0000000,0x00000000a0aaa7d0,0x00000000ace80000)
 Metaspace       used 55284K, capacity 56386K, committed 58240K, reserved 1101824K
  class space    used 6151K, capacity 6367K, committed 6784K, reserved 1048576K
}
Event: 17554.671 GC heap before
{Heap before GC invocations=28 (full 7):
 PSYoungGen      total 389120K, used 128K [0x00000000e0000000, 0x00000000fe880000, 0x0000000100000000)
  eden space 388608K, 0% used [0x00000000e0000000,0x00000000e0000000,0x00000000f7b80000)
  from space 512K, 25% used [0x00000000f7b80000,0x00000000f7ba0000,0x00000000f7c00000)
  to   space 55808K, 0% used [0x00000000fb200000,0x00000000fb200000,0x00000000fe880000)
 ParOldGen       total 211456K, used 10921K [0x00000000a0000000, 0x00000000ace80000, 0x00000000e0000000)
  object space 211456K, 5% used [0x00000000a0000000,0x00000000a0aaa7d0,0x00000000ace80000)
 Metaspace       used 55284K, capacity 56386K, committed 58240K, reserved 1101824K
  class space    used 6151K, capacity 6367K, committed 6784K, reserved 1048576K

